0 info it worked if it ends with ok
1 verbose cli [ '/usr/local/bin/node', '/opt/local/bin/npm', 'start' ]
2 info using npm@3.9.2
3 info using node@v6.2.1
4 verbose run-script [ 'prestart', 'start', 'poststart' ]
5 info lifecycle grid@1.0.0~prestart: grid@1.0.0
6 silly lifecycle grid@1.0.0~prestart: no script for prestart, continuing
7 info lifecycle grid@1.0.0~start: grid@1.0.0
8 verbose lifecycle grid@1.0.0~start: unsafe-perm in lifecycle true
9 verbose lifecycle grid@1.0.0~start: PATH: /opt/local/lib/node_modules/npm/bin/node-gyp-bin:/Users/jonas/Documents/myStuff/grid/node_modules/.bin:/usr/local/bin:/Users/jonas/.gvm/vertx/current/bin:/Users/jonas/.gvm/springboot/current/bin:/Users/jonas/.gvm/lazybones/current/bin:/Users/jonas/.gvm/jbossforge/current/bin:/Users/jonas/.gvm/jbake/current/bin:/Users/jonas/.gvm/groovyserv/current/bin:/Users/jonas/.gvm/groovy/current/bin:/Users/jonas/.gvm/griffon/current/bin:/Users/jonas/.gvm/grails/current/bin:/Users/jonas/.gvm/gradle/current/bin:/Users/jonas/.gvm/glide/current/bin:/Users/jonas/.gvm/gaiden/current/bin:/Users/jonas/.gvm/crash/current/bin:/Users/jonas/.gvm/asciidoctorj/current/bin:/usr/local/bin:/usr/bin:/bin:/usr/sbin:/sbin:/opt/local/bin:/opt/local/sbin:/usr/sbin:/usr/local/mysql/bin/:/Users/jonas/workspace/palamabron/utils:/Users/jonas/.gvm/groovy/current/bin:/Users/jonas/UnderwriterScripts/
10 verbose lifecycle grid@1.0.0~start: CWD: /Users/jonas/Documents/myStuff/grid
11 silly lifecycle grid@1.0.0~start: Args: [ '-c', 'node app.js' ]
12 silly lifecycle grid@1.0.0~start: Returned: code: 1  signal: null
13 info lifecycle grid@1.0.0~start: Failed to exec start script
14 verbose stack Error: grid@1.0.0 start: `node app.js`
14 verbose stack Exit status 1
14 verbose stack     at EventEmitter.<anonymous> (/opt/local/lib/node_modules/npm/lib/utils/lifecycle.js:245:16)
14 verbose stack     at emitTwo (events.js:106:13)
14 verbose stack     at EventEmitter.emit (events.js:191:7)
14 verbose stack     at ChildProcess.<anonymous> (/opt/local/lib/node_modules/npm/lib/utils/spawn.js:24:14)
14 verbose stack     at emitTwo (events.js:106:13)
14 verbose stack     at ChildProcess.emit (events.js:191:7)
14 verbose stack     at maybeClose (internal/child_process.js:852:16)
14 verbose stack     at Process.ChildProcess._handle.onexit (internal/child_process.js:215:5)
15 verbose pkgid grid@1.0.0
16 verbose cwd /Users/jonas/Documents/myStuff/grid
17 error Darwin 15.0.0
18 error argv "/usr/local/bin/node" "/opt/local/bin/npm" "start"
19 error node v6.2.1
20 error npm  v3.9.2
21 error code ELIFECYCLE
22 error grid@1.0.0 start: `node app.js`
22 error Exit status 1
23 error Failed at the grid@1.0.0 start script 'node app.js'.
23 error Make sure you have the latest version of node.js and npm installed.
23 error If you do, this is most likely a problem with the grid package,
23 error not with npm itself.
23 error Tell the author that this fails on your system:
23 error     node app.js
23 error You can get information on how to open an issue for this project with:
23 error     npm bugs grid
23 error Or if that isn't available, you can get their info via:
23 error     npm owner ls grid
23 error There is likely additional logging output above.
24 verbose exit [ 1, true ]
